<?xml version="1.0" encoding="UTF-8"?>
<!-- Generated by org.testng.reporters.JUnitReportReporter -->
<testsuite hostname="ALEXIS-PC" failures="0" tests="1" name="test.Test_API" time="22.446" errors="0" timestamp="2023-07-13T10:24:48 CST" skipped="0">
  <testcase classname="test.Test_API" name="getCity" time="22.446"/>
  <system-out/>
</testsuite> <!-- test.Test_API -->
